
*** Running vivado
    with args -log tragaperras.vds -m64 -product Vivado -mode batch -messageDb vivado.pb -notrace -source tragaperras.tcl



****** Vivado v2024.1 (64-bit)
  **** SW Build 5076996 on Wed May 22 18:37:14 MDT 2024
  **** IP Build 5075265 on Wed May 22 21:45:21 MDT 2024
  **** SharedData Build 5076995 on Wed May 22 18:29:18 MDT 2024
  **** Start of session at: Tue Nov 26 10:13:29 2024
    ** Copyright 1986-2022 Xilinx, Inc. All Rights Reserved.
    ** Copyright 2022-2024 Advanced Micro Devices, Inc. All Rights Reserved.

source tragaperras.tcl -notrace
create_project: Time (s): cpu = 00:00:05 ; elapsed = 00:00:06 . Memory (MB): peak = 500.656 ; gain = 201.535
Command: read_checkpoint -auto_incremental -incremental {C:/Users/victo/OneDrive/Documentos/5 ao/TOC/project_5Avanzada/project_5Avanzada.srcs/utils_1/imports/synth_1/tragaperras.dcp}
INFO: [Vivado 12-5825] Read reference checkpoint from C:/Users/victo/OneDrive/Documentos/5 ao/TOC/project_5Avanzada/project_5Avanzada.srcs/utils_1/imports/synth_1/tragaperras.dcp for incremental synthesis
INFO: [Vivado 12-7989] Please ensure there are no constraint changes
Command: synth_design -top tragaperras -part xc7a35tcpg236-1
Starting synth_design
Attempting to get a license for feature 'Synthesis' and/or device 'xc7a35t'
INFO: [Common 17-349] Got license for feature 'Synthesis' and/or device 'xc7a35t'
INFO: [Device 21-403] Loading part xc7a35tcpg236-1
INFO: [Device 21-9227] Part: xc7a35tcpg236-1 does not have CEAM library.
INFO: [Designutils 20-5440] No compile time benefit to using incremental synthesis; A full resynthesis will be run
INFO: [Designutils 20-4379] Flow is switching to default flow due to incremental criteria not met. If you would like to alter this behaviour and have the flow terminate instead, please set the following parameter config_implementation {autoIncr.Synth.RejectBehavior Terminate}
INFO: [Synth 8-7079] Multithreading enabled for synth_design using a maximum of 2 processes.
INFO: [Synth 8-7078] Launching helper process for spawning children vivado processes
INFO: [Synth 8-7075] Helper process launched with PID 14072
---------------------------------------------------------------------------------
Starting RTL Elaboration : Time (s): cpu = 00:00:04 ; elapsed = 00:00:04 . Memory (MB): peak = 1355.355 ; gain = 449.078
---------------------------------------------------------------------------------
INFO: [Synth 8-638] synthesizing module 'tragaperras' [C:/Users/victo/OneDrive/Documentos/5 ao/TOC/project_5Avanzada/project_5Avanzada.srcs/sources_1/imports/sources_1/new/tragaperras.vhd:18]
INFO: [Synth 8-3491] module 'clock_divider' declared at 'C:/Users/victo/OneDrive/Documentos/5 ao/TOC/project_5Avanzada/project_5Avanzada.srcs/sources_1/imports/sources_1/imports/FILES/clock_divider.vhd:6' bound to instance 'U_CLOCK_DIVIDER' of component 'clock_divider' [C:/Users/victo/OneDrive/Documentos/5 ao/TOC/project_5Avanzada/project_5Avanzada.srcs/sources_1/imports/sources_1/new/tragaperras.vhd:105]
INFO: [Synth 8-638] synthesizing module 'clock_divider' [C:/Users/victo/OneDrive/Documentos/5 ao/TOC/project_5Avanzada/project_5Avanzada.srcs/sources_1/imports/sources_1/imports/FILES/clock_divider.vhd:16]
	Parameter half_count bound to: 26'b10111110101111000001111111 
INFO: [Synth 8-3491] module 'freq_divider' declared at 'C:/Users/victo/OneDrive/Documentos/5 ao/TOC/project_5Avanzada/project_5Avanzada.srcs/sources_1/imports/sources_1/imports/FILES/freq_divider.vhd:18' bound to instance 'U_1HZ' of component 'freq_divider' [C:/Users/victo/OneDrive/Documentos/5 ao/TOC/project_5Avanzada/project_5Avanzada.srcs/sources_1/imports/sources_1/imports/FILES/clock_divider.vhd:27]
INFO: [Synth 8-638] synthesizing module 'freq_divider' [C:/Users/victo/OneDrive/Documentos/5 ao/TOC/project_5Avanzada/project_5Avanzada.srcs/sources_1/imports/sources_1/imports/FILES/freq_divider.vhd:28]
	Parameter half_count bound to: 26'b10111110101111000001111111 
INFO: [Synth 8-256] done synthesizing module 'freq_divider' (0#1) [C:/Users/victo/OneDrive/Documentos/5 ao/TOC/project_5Avanzada/project_5Avanzada.srcs/sources_1/imports/sources_1/imports/FILES/freq_divider.vhd:28]
	Parameter half_count bound to: 16'b1100001101001111 
INFO: [Synth 8-3491] module 'freq_divider' declared at 'C:/Users/victo/OneDrive/Documentos/5 ao/TOC/project_5Avanzada/project_5Avanzada.srcs/sources_1/imports/sources_1/imports/FILES/freq_divider.vhd:18' bound to instance 'U_1KHZ' of component 'freq_divider' [C:/Users/victo/OneDrive/Documentos/5 ao/TOC/project_5Avanzada/project_5Avanzada.srcs/sources_1/imports/sources_1/imports/FILES/clock_divider.vhd:31]
INFO: [Synth 8-638] synthesizing module 'freq_divider__parameterized1' [C:/Users/victo/OneDrive/Documentos/5 ao/TOC/project_5Avanzada/project_5Avanzada.srcs/sources_1/imports/sources_1/imports/FILES/freq_divider.vhd:28]
	Parameter half_count bound to: 16'b1100001101001111 
INFO: [Synth 8-256] done synthesizing module 'freq_divider__parameterized1' (0#1) [C:/Users/victo/OneDrive/Documentos/5 ao/TOC/project_5Avanzada/project_5Avanzada.srcs/sources_1/imports/sources_1/imports/FILES/freq_divider.vhd:28]
	Parameter half_count bound to: 13'b1001110000111 
INFO: [Synth 8-3491] module 'freq_divider' declared at 'C:/Users/victo/OneDrive/Documentos/5 ao/TOC/project_5Avanzada/project_5Avanzada.srcs/sources_1/imports/sources_1/imports/FILES/freq_divider.vhd:18' bound to instance 'U_10KHZ' of component 'freq_divider' [C:/Users/victo/OneDrive/Documentos/5 ao/TOC/project_5Avanzada/project_5Avanzada.srcs/sources_1/imports/sources_1/imports/FILES/clock_divider.vhd:35]
INFO: [Synth 8-638] synthesizing module 'freq_divider__parameterized3' [C:/Users/victo/OneDrive/Documentos/5 ao/TOC/project_5Avanzada/project_5Avanzada.srcs/sources_1/imports/sources_1/imports/FILES/freq_divider.vhd:28]
	Parameter half_count bound to: 13'b1001110000111 
INFO: [Synth 8-256] done synthesizing module 'freq_divider__parameterized3' (0#1) [C:/Users/victo/OneDrive/Documentos/5 ao/TOC/project_5Avanzada/project_5Avanzada.srcs/sources_1/imports/sources_1/imports/FILES/freq_divider.vhd:28]
INFO: [Synth 8-256] done synthesizing module 'clock_divider' (0#1) [C:/Users/victo/OneDrive/Documentos/5 ao/TOC/project_5Avanzada/project_5Avanzada.srcs/sources_1/imports/sources_1/imports/FILES/clock_divider.vhd:16]
INFO: [Synth 8-3491] module 'debouncer' declared at 'C:/Users/victo/OneDrive/Documentos/5 ao/TOC/project_5Avanzada/project_5Avanzada.srcs/sources_1/imports/sources_1/imports/TOC/2-DigLock_files/debouncer.vhd:5' bound to instance 'U_DEBOUNCER_START' of component 'debouncer' [C:/Users/victo/OneDrive/Documentos/5 ao/TOC/project_5Avanzada/project_5Avanzada.srcs/sources_1/imports/sources_1/new/tragaperras.vhd:115]
INFO: [Synth 8-638] synthesizing module 'debouncer' [C:/Users/victo/OneDrive/Documentos/5 ao/TOC/project_5Avanzada/project_5Avanzada.srcs/sources_1/imports/sources_1/imports/TOC/2-DigLock_files/debouncer.vhd:16]
INFO: [Synth 8-256] done synthesizing module 'debouncer' (0#1) [C:/Users/victo/OneDrive/Documentos/5 ao/TOC/project_5Avanzada/project_5Avanzada.srcs/sources_1/imports/sources_1/imports/TOC/2-DigLock_files/debouncer.vhd:16]
INFO: [Synth 8-3491] module 'debouncer' declared at 'C:/Users/victo/OneDrive/Documentos/5 ao/TOC/project_5Avanzada/project_5Avanzada.srcs/sources_1/imports/sources_1/imports/TOC/2-DigLock_files/debouncer.vhd:5' bound to instance 'U_DEBOUNCER_STOP' of component 'debouncer' [C:/Users/victo/OneDrive/Documentos/5 ao/TOC/project_5Avanzada/project_5Avanzada.srcs/sources_1/imports/sources_1/new/tragaperras.vhd:126]
INFO: [Synth 8-3491] module 'contador10' declared at 'C:/Users/victo/OneDrive/Documentos/5 ao/TOC/project_5Avanzada/project_5Avanzada.srcs/sources_1/imports/sources_1/new/contador10.vhd:34' bound to instance 'U_CNT1' of component 'contador10' [C:/Users/victo/OneDrive/Documentos/5 ao/TOC/project_5Avanzada/project_5Avanzada.srcs/sources_1/imports/sources_1/new/tragaperras.vhd:137]
INFO: [Synth 8-638] synthesizing module 'contador10' [C:/Users/victo/OneDrive/Documentos/5 ao/TOC/project_5Avanzada/project_5Avanzada.srcs/sources_1/imports/sources_1/new/contador10.vhd:43]
INFO: [Synth 8-256] done synthesizing module 'contador10' (0#1) [C:/Users/victo/OneDrive/Documentos/5 ao/TOC/project_5Avanzada/project_5Avanzada.srcs/sources_1/imports/sources_1/new/contador10.vhd:43]
INFO: [Synth 8-3491] module 'contador10' declared at 'C:/Users/victo/OneDrive/Documentos/5 ao/TOC/project_5Avanzada/project_5Avanzada.srcs/sources_1/imports/sources_1/new/contador10.vhd:34' bound to instance 'U_CNT2' of component 'contador10' [C:/Users/victo/OneDrive/Documentos/5 ao/TOC/project_5Avanzada/project_5Avanzada.srcs/sources_1/imports/sources_1/new/tragaperras.vhd:146]
INFO: [Synth 8-3491] module 'contador10' declared at 'C:/Users/victo/OneDrive/Documentos/5 ao/TOC/project_5Avanzada/project_5Avanzada.srcs/sources_1/imports/sources_1/new/contador10.vhd:34' bound to instance 'U_CNT_TIMER' of component 'contador10' [C:/Users/victo/OneDrive/Documentos/5 ao/TOC/project_5Avanzada/project_5Avanzada.srcs/sources_1/imports/sources_1/new/tragaperras.vhd:155]
INFO: [Synth 8-3491] module 'control_unit' declared at 'C:/Users/victo/OneDrive/Documentos/5 ao/TOC/project_5Avanzada/project_5Avanzada.srcs/sources_1/imports/sources_1/new/control_unit.vhd:5' bound to instance 'U_CTRL' of component 'control_unit' [C:/Users/victo/OneDrive/Documentos/5 ao/TOC/project_5Avanzada/project_5Avanzada.srcs/sources_1/imports/sources_1/new/tragaperras.vhd:164]
INFO: [Synth 8-638] synthesizing module 'control_unit' [C:/Users/victo/OneDrive/Documentos/5 ao/TOC/project_5Avanzada/project_5Avanzada.srcs/sources_1/imports/sources_1/new/control_unit.vhd:21]
WARNING: [Synth 8-614] signal 'consolation_prize' is read in the process but is not in the sensitivity list [C:/Users/victo/OneDrive/Documentos/5 ao/TOC/project_5Avanzada/project_5Avanzada.srcs/sources_1/imports/sources_1/new/control_unit.vhd:34]
WARNING: [Synth 8-614] signal 'equals10sec' is read in the process but is not in the sensitivity list [C:/Users/victo/OneDrive/Documentos/5 ao/TOC/project_5Avanzada/project_5Avanzada.srcs/sources_1/imports/sources_1/new/control_unit.vhd:34]
INFO: [Synth 8-256] done synthesizing module 'control_unit' (0#1) [C:/Users/victo/OneDrive/Documentos/5 ao/TOC/project_5Avanzada/project_5Avanzada.srcs/sources_1/imports/sources_1/new/control_unit.vhd:21]
INFO: [Synth 8-3491] module 'displays' declared at 'C:/Users/victo/OneDrive/Documentos/5 ao/TOC/project_5Avanzada/project_5Avanzada.srcs/sources_1/imports/sources_1/imports/TOC/4digits_4displays/4digits_4displays.srcs/sources_1/imports/ficheros/displays.vhd:5' bound to instance 'U_DISPLAYS' of component 'displays' [C:/Users/victo/OneDrive/Documentos/5 ao/TOC/project_5Avanzada/project_5Avanzada.srcs/sources_1/imports/sources_1/new/tragaperras.vhd:219]
INFO: [Synth 8-638] synthesizing module 'displays' [C:/Users/victo/OneDrive/Documentos/5 ao/TOC/project_5Avanzada/project_5Avanzada.srcs/sources_1/imports/sources_1/imports/TOC/4digits_4displays/4digits_4displays.srcs/sources_1/imports/ficheros/displays.vhd:18]
INFO: [Synth 8-3491] module 'conv_7seg' declared at 'C:/Users/victo/OneDrive/Documentos/5 ao/TOC/project_5Avanzada/project_5Avanzada.srcs/sources_1/imports/sources_1/imports/TOC/4digits_4displays/4digits_4displays.srcs/sources_1/imports/ficheros/conv_7seg.vhd:4' bound to instance 'conv_7seg_digit_0' of component 'conv_7seg' [C:/Users/victo/OneDrive/Documentos/5 ao/TOC/project_5Avanzada/project_5Avanzada.srcs/sources_1/imports/sources_1/imports/TOC/4digits_4displays/4digits_4displays.srcs/sources_1/imports/ficheros/displays.vhd:34]
INFO: [Synth 8-638] synthesizing module 'conv_7seg' [C:/Users/victo/OneDrive/Documentos/5 ao/TOC/project_5Avanzada/project_5Avanzada.srcs/sources_1/imports/sources_1/imports/TOC/4digits_4displays/4digits_4displays.srcs/sources_1/imports/ficheros/conv_7seg.vhd:9]
INFO: [Synth 8-256] done synthesizing module 'conv_7seg' (0#1) [C:/Users/victo/OneDrive/Documentos/5 ao/TOC/project_5Avanzada/project_5Avanzada.srcs/sources_1/imports/sources_1/imports/TOC/4digits_4displays/4digits_4displays.srcs/sources_1/imports/ficheros/conv_7seg.vhd:9]
INFO: [Synth 8-3491] module 'conv_7seg' declared at 'C:/Users/victo/OneDrive/Documentos/5 ao/TOC/project_5Avanzada/project_5Avanzada.srcs/sources_1/imports/sources_1/imports/TOC/4digits_4displays/4digits_4displays.srcs/sources_1/imports/ficheros/conv_7seg.vhd:4' bound to instance 'conv_7seg_digit_1' of component 'conv_7seg' [C:/Users/victo/OneDrive/Documentos/5 ao/TOC/project_5Avanzada/project_5Avanzada.srcs/sources_1/imports/sources_1/imports/TOC/4digits_4displays/4digits_4displays.srcs/sources_1/imports/ficheros/displays.vhd:35]
INFO: [Synth 8-3491] module 'conv_7seg' declared at 'C:/Users/victo/OneDrive/Documentos/5 ao/TOC/project_5Avanzada/project_5Avanzada.srcs/sources_1/imports/sources_1/imports/TOC/4digits_4displays/4digits_4displays.srcs/sources_1/imports/ficheros/conv_7seg.vhd:4' bound to instance 'conv_7seg_digit_2' of component 'conv_7seg' [C:/Users/victo/OneDrive/Documentos/5 ao/TOC/project_5Avanzada/project_5Avanzada.srcs/sources_1/imports/sources_1/imports/TOC/4digits_4displays/4digits_4displays.srcs/sources_1/imports/ficheros/displays.vhd:36]
INFO: [Synth 8-3491] module 'conv_7seg' declared at 'C:/Users/victo/OneDrive/Documentos/5 ao/TOC/project_5Avanzada/project_5Avanzada.srcs/sources_1/imports/sources_1/imports/TOC/4digits_4displays/4digits_4displays.srcs/sources_1/imports/ficheros/conv_7seg.vhd:4' bound to instance 'conv_7seg_digit_3' of component 'conv_7seg' [C:/Users/victo/OneDrive/Documentos/5 ao/TOC/project_5Avanzada/project_5Avanzada.srcs/sources_1/imports/sources_1/imports/TOC/4digits_4displays/4digits_4displays.srcs/sources_1/imports/ficheros/displays.vhd:37]
INFO: [Synth 8-256] done synthesizing module 'displays' (0#1) [C:/Users/victo/OneDrive/Documentos/5 ao/TOC/project_5Avanzada/project_5Avanzada.srcs/sources_1/imports/sources_1/imports/TOC/4digits_4displays/4digits_4displays.srcs/sources_1/imports/ficheros/displays.vhd:18]
INFO: [Synth 8-256] done synthesizing module 'tragaperras' (0#1) [C:/Users/victo/OneDrive/Documentos/5 ao/TOC/project_5Avanzada/project_5Avanzada.srcs/sources_1/imports/sources_1/new/tragaperras.vhd:18]
---------------------------------------------------------------------------------
Finished RTL Elaboration : Time (s): cpu = 00:00:05 ; elapsed = 00:00:06 . Memory (MB): peak = 1466.535 ; gain = 560.258
---------------------------------------------------------------------------------
---------------------------------------------------------------------------------
Start Handling Custom Attributes
---------------------------------------------------------------------------------
---------------------------------------------------------------------------------
Finished Handling Custom Attributes : Time (s): cpu = 00:00:05 ; elapsed = 00:00:06 . Memory (MB): peak = 1466.535 ; gain = 560.258
---------------------------------------------------------------------------------
---------------------------------------------------------------------------------
Finished RTL Optimization Phase 1 : Time (s): cpu = 00:00:05 ; elapsed = 00:00:06 . Memory (MB): peak = 1466.535 ; gain = 560.258
---------------------------------------------------------------------------------
Netlist sorting complete. Time (s): cpu = 00:00:00 ; elapsed = 00:00:00.002 . Memory (MB): peak = 1466.535 ; gain = 0.000
INFO: [Project 1-570] Preparing netlist for logic optimization

Processing XDC Constraints
Initializing timing engine
Parsing XDC File [C:/Users/victo/OneDrive/Documentos/5 ao/TOC/project_5Avanzada/project_5Avanzada.srcs/constrs_1/imports/1-Intro_files/pins.xdc]
Finished Parsing XDC File [C:/Users/victo/OneDrive/Documentos/5 ao/TOC/project_5Avanzada/project_5Avanzada.srcs/constrs_1/imports/1-Intro_files/pins.xdc]
INFO: [Project 1-236] Implementation specific constraints were found while reading constraint file [C:/Users/victo/OneDrive/Documentos/5 ao/TOC/project_5Avanzada/project_5Avanzada.srcs/constrs_1/imports/1-Intro_files/pins.xdc]. These constraints will be ignored for synthesis but will be used in implementation. Impacted constraints are listed in the file [.Xil/tragaperras_propImpl.xdc].
Resolution: To avoid this warning, move constraints listed in [.Xil/tragaperras_propImpl.xdc] to another XDC file and exclude this new file from synthesis with the used_in_synthesis property (File Properties dialog in GUI) and re-run elaboration/synthesis.
Completed Processing XDC Constraints

Netlist sorting complete. Time (s): cpu = 00:00:00 ; elapsed = 00:00:00 . Memory (MB): peak = 1514.434 ; gain = 0.000
INFO: [Project 1-111] Unisim Transformation Summary:
No Unisim elements were transformed.

Constraint Validation Runtime : Time (s): cpu = 00:00:00 ; elapsed = 00:00:00.002 . Memory (MB): peak = 1514.434 ; gain = 0.000
INFO: [Designutils 20-5440] No compile time benefit to using incremental synthesis; A full resynthesis will be run
INFO: [Designutils 20-4379] Flow is switching to default flow due to incremental criteria not met. If you would like to alter this behaviour and have the flow terminate instead, please set the following parameter config_implementation {autoIncr.Synth.RejectBehavior Terminate}
---------------------------------------------------------------------------------
Finished Constraint Validation : Time (s): cpu = 00:00:11 ; elapsed = 00:00:12 . Memory (MB): peak = 1514.434 ; gain = 608.156
---------------------------------------------------------------------------------
---------------------------------------------------------------------------------
Start Loading Part and Timing Information
---------------------------------------------------------------------------------
Loading part: xc7a35tcpg236-1
---------------------------------------------------------------------------------
Finished Loading Part and Timing Information : Time (s): cpu = 00:00:11 ; elapsed = 00:00:12 . Memory (MB): peak = 1514.434 ; gain = 608.156
---------------------------------------------------------------------------------
---------------------------------------------------------------------------------
Start Applying 'set_property' XDC Constraints
---------------------------------------------------------------------------------
---------------------------------------------------------------------------------
Finished applying 'set_property' XDC Constraints : Time (s): cpu = 00:00:11 ; elapsed = 00:00:12 . Memory (MB): peak = 1514.434 ; gain = 608.156
---------------------------------------------------------------------------------
INFO: [Synth 8-802] inferred FSM for state register 'controller.state_reg' in module 'debouncer'
INFO: [Synth 8-802] inferred FSM for state register 'state_reg' in module 'control_unit'
---------------------------------------------------------------------------------------------------
                   State |                     New Encoding |                Previous Encoding 
---------------------------------------------------------------------------------------------------
         waitingpression |                               00 |                               00
      pressiondebouncing |                               01 |                               01
       waitingdepression |                               10 |                               10
    depressiondebouncing |                               11 |                               11
---------------------------------------------------------------------------------------------------
INFO: [Synth 8-3354] encoded FSM with state register 'controller.state_reg' using encoding 'sequential' in module 'debouncer'
---------------------------------------------------------------------------------------------------
                   State |                     New Encoding |                Previous Encoding 
---------------------------------------------------------------------------------------------------
                    idle |                           000001 |                              001
                counting |                           000010 |                              010
                  result |                           000100 |                              011
                  winner |                           001000 |                              100
                   loser |                           010000 |                              101
                  sreset |                           100000 |                              000
---------------------------------------------------------------------------------------------------
INFO: [Synth 8-3354] encoded FSM with state register 'state_reg' using encoding 'one-hot' in module 'control_unit'
WARNING: [Synth 8-327] inferring latch for variable 'enable_cnt_reg' [C:/Users/victo/OneDrive/Documentos/5 ao/TOC/project_5Avanzada/project_5Avanzada.srcs/sources_1/imports/sources_1/new/control_unit.vhd:44]
WARNING: [Synth 8-327] inferring latch for variable 'show_result_reg' [C:/Users/victo/OneDrive/Documentos/5 ao/TOC/project_5Avanzada/project_5Avanzada.srcs/sources_1/imports/sources_1/new/control_unit.vhd:45]
WARNING: [Synth 8-327] inferring latch for variable 'rst_i_reg' [C:/Users/victo/OneDrive/Documentos/5 ao/TOC/project_5Avanzada/project_5Avanzada.srcs/sources_1/imports/sources_1/new/control_unit.vhd:38]
---------------------------------------------------------------------------------
Finished RTL Optimization Phase 2 : Time (s): cpu = 00:00:11 ; elapsed = 00:00:12 . Memory (MB): peak = 1514.434 ; gain = 608.156
---------------------------------------------------------------------------------
---------------------------------------------------------------------------------
Start RTL Component Statistics 
---------------------------------------------------------------------------------
Detailed RTL Component Info : 
+---Adders : 
	   2 Input   26 Bit       Adders := 1     
	   2 Input   16 Bit       Adders := 1     
	   2 Input   13 Bit       Adders := 1     
	   2 Input    4 Bit       Adders := 3     
+---Registers : 
	               26 Bit    Registers := 1     
	               16 Bit    Registers := 1     
	               13 Bit    Registers := 1     
	                4 Bit    Registers := 5     
	                1 Bit    Registers := 7     
+---Muxes : 
	   4 Input    7 Bit        Muxes := 1     
	   6 Input    6 Bit        Muxes := 1     
	   2 Input    6 Bit        Muxes := 5     
	   2 Input    4 Bit        Muxes := 3     
	   6 Input    4 Bit        Muxes := 1     
	   4 Input    4 Bit        Muxes := 1     
	   4 Input    2 Bit        Muxes := 2     
	   2 Input    2 Bit        Muxes := 9     
	   2 Input    1 Bit        Muxes := 3     
	   4 Input    1 Bit        Muxes := 8     
	   6 Input    1 Bit        Muxes := 4     
---------------------------------------------------------------------------------
Finished RTL Component Statistics 
---------------------------------------------------------------------------------
---------------------------------------------------------------------------------
Start Part Resource Summary
---------------------------------------------------------------------------------
Part Resources:
DSPs: 90 (col length:60)
BRAMs: 100 (col length: RAMB18 60 RAMB36 30)
---------------------------------------------------------------------------------
Finished Part Resource Summary
---------------------------------------------------------------------------------
---------------------------------------------------------------------------------
Start Cross Boundary and Area Optimization
---------------------------------------------------------------------------------
WARNING: [Synth 8-7080] Parallel synthesis criteria is not met
---------------------------------------------------------------------------------
Finished Cross Boundary and Area Optimization : Time (s): cpu = 00:00:13 ; elapsed = 00:00:15 . Memory (MB): peak = 1514.434 ; gain = 608.156
---------------------------------------------------------------------------------
---------------------------------------------------------------------------------
Start Applying XDC Timing Constraints
---------------------------------------------------------------------------------
---------------------------------------------------------------------------------
Finished Applying XDC Timing Constraints : Time (s): cpu = 00:00:18 ; elapsed = 00:00:20 . Memory (MB): peak = 1514.434 ; gain = 608.156
---------------------------------------------------------------------------------
---------------------------------------------------------------------------------
Start Timing Optimization
---------------------------------------------------------------------------------
---------------------------------------------------------------------------------
Finished Timing Optimization : Time (s): cpu = 00:00:18 ; elapsed = 00:00:20 . Memory (MB): peak = 1514.434 ; gain = 608.156
---------------------------------------------------------------------------------
---------------------------------------------------------------------------------
Start Technology Mapping
---------------------------------------------------------------------------------
---------------------------------------------------------------------------------
Finished Technology Mapping : Time (s): cpu = 00:00:18 ; elapsed = 00:00:20 . Memory (MB): peak = 1514.434 ; gain = 608.156
---------------------------------------------------------------------------------
---------------------------------------------------------------------------------
Start IO Insertion
---------------------------------------------------------------------------------
---------------------------------------------------------------------------------
Start Flattening Before IO Insertion
---------------------------------------------------------------------------------
---------------------------------------------------------------------------------
Finished Flattening Before IO Insertion
---------------------------------------------------------------------------------
---------------------------------------------------------------------------------
Start Final Netlist Cleanup
---------------------------------------------------------------------------------
---------------------------------------------------------------------------------
Finished Final Netlist Cleanup
---------------------------------------------------------------------------------
---------------------------------------------------------------------------------
Finished IO Insertion : Time (s): cpu = 00:00:22 ; elapsed = 00:00:24 . Memory (MB): peak = 1514.434 ; gain = 608.156
---------------------------------------------------------------------------------
---------------------------------------------------------------------------------
Start Renaming Generated Instances
---------------------------------------------------------------------------------
---------------------------------------------------------------------------------
Finished Renaming Generated Instances : Time (s): cpu = 00:00:22 ; elapsed = 00:00:24 . Memory (MB): peak = 1514.434 ; gain = 608.156
---------------------------------------------------------------------------------
---------------------------------------------------------------------------------
Start Rebuilding User Hierarchy
---------------------------------------------------------------------------------
---------------------------------------------------------------------------------
Finished Rebuilding User Hierarchy : Time (s): cpu = 00:00:22 ; elapsed = 00:00:24 . Memory (MB): peak = 1514.434 ; gain = 608.156
---------------------------------------------------------------------------------
---------------------------------------------------------------------------------
Start Renaming Generated Ports
---------------------------------------------------------------------------------
---------------------------------------------------------------------------------
Finished Renaming Generated Ports : Time (s): cpu = 00:00:22 ; elapsed = 00:00:24 . Memory (MB): peak = 1514.434 ; gain = 608.156
---------------------------------------------------------------------------------
---------------------------------------------------------------------------------
Start Handling Custom Attributes
---------------------------------------------------------------------------------
---------------------------------------------------------------------------------
Finished Handling Custom Attributes : Time (s): cpu = 00:00:22 ; elapsed = 00:00:24 . Memory (MB): peak = 1514.434 ; gain = 608.156
---------------------------------------------------------------------------------
---------------------------------------------------------------------------------
Start Renaming Generated Nets
---------------------------------------------------------------------------------
---------------------------------------------------------------------------------
Finished Renaming Generated Nets : Time (s): cpu = 00:00:22 ; elapsed = 00:00:24 . Memory (MB): peak = 1514.434 ; gain = 608.156
---------------------------------------------------------------------------------
---------------------------------------------------------------------------------
Start Writing Synthesis Report
---------------------------------------------------------------------------------

Report BlackBoxes: 
+-+--------------+----------+
| |BlackBox name |Instances |
+-+--------------+----------+
+-+--------------+----------+

Report Cell Usage: 
+------+-------+------+
|      |Cell   |Count |
+------+-------+------+
|1     |BUFG   |     1|
|2     |CARRY4 |    29|
|3     |LUT1   |     7|
|4     |LUT2   |    33|
|5     |LUT3   |     7|
|6     |LUT4   |    76|
|7     |LUT5   |    28|
|8     |LUT6   |    55|
|9     |FDCE   |    75|
|10    |FDPE   |     1|
|11    |FDRE   |    76|
|12    |LD     |     3|
|13    |IBUF   |     4|
|14    |OBUF   |    15|
+------+-------+------+
---------------------------------------------------------------------------------
Finished Writing Synthesis Report : Time (s): cpu = 00:00:22 ; elapsed = 00:00:24 . Memory (MB): peak = 1514.434 ; gain = 608.156
---------------------------------------------------------------------------------
Synthesis finished with 0 errors, 0 critical warnings and 4 warnings.
Synthesis Optimization Runtime : Time (s): cpu = 00:00:16 ; elapsed = 00:00:22 . Memory (MB): peak = 1514.434 ; gain = 560.258
Synthesis Optimization Complete : Time (s): cpu = 00:00:22 ; elapsed = 00:00:24 . Memory (MB): peak = 1514.434 ; gain = 608.156
INFO: [Project 1-571] Translating synthesized netlist
Netlist sorting complete. Time (s): cpu = 00:00:00 ; elapsed = 00:00:00.003 . Memory (MB): peak = 1514.434 ; gain = 0.000
INFO: [Netlist 29-17] Analyzing 32 Unisim elements for replacement
INFO: [Netlist 29-28] Unisim Transformation completed in 0 CPU seconds
INFO: [Project 1-570] Preparing netlist for logic optimization
INFO: [Opt 31-138] Pushed 0 inverter(s) to 0 load pin(s).
Netlist sorting complete. Time (s): cpu = 00:00:00 ; elapsed = 00:00:00 . Memory (MB): peak = 1514.434 ; gain = 0.000
INFO: [Project 1-111] Unisim Transformation Summary:
  A total of 3 instances were transformed.
  LD => LDCE: 3 instances

Synth Design complete | Checksum: d411543d
INFO: [Common 17-83] Releasing license: Synthesis
61 Infos, 6 Warnings, 0 Critical Warnings and 0 Errors encountered.
synth_design completed successfully
synth_design: Time (s): cpu = 00:00:26 ; elapsed = 00:00:28 . Memory (MB): peak = 1514.434 ; gain = 1007.723
Write ShapeDB Complete: Time (s): cpu = 00:00:00 ; elapsed = 00:00:00.001 . Memory (MB): peak = 1514.434 ; gain = 0.000
INFO: [Common 17-1381] The checkpoint 'C:/Users/victo/OneDrive/Documentos/5 ao/TOC/project_5Avanzada/project_5Avanzada.runs/synth_1/tragaperras.dcp' has been generated.
INFO: [Vivado 12-24828] Executing command : report_utilization -file tragaperras_utilization_synth.rpt -pb tragaperras_utilization_synth.pb
INFO: [Common 17-206] Exiting Vivado at Tue Nov 26 10:14:05 2024...
